ARM GAS  C:\Users\gabri\AppData\Local\Temp\ccawchnC.s 			page 1


   1              		.cpu cortex-m4
   2              		.arch armv7e-m
   3              		.fpu fpv4-sp-d16
   4              		.eabi_attribute 27, 1
   5              		.eabi_attribute 28, 1
   6              		.eabi_attribute 20, 1
   7              		.eabi_attribute 21, 1
   8              		.eabi_attribute 23, 3
   9              		.eabi_attribute 24, 1
  10              		.eabi_attribute 25, 1
  11              		.eabi_attribute 26, 1
  12              		.eabi_attribute 30, 1
  13              		.eabi_attribute 34, 1
  14              		.eabi_attribute 18, 4
  15              		.file	"stm32f4xx_hal_msp.c"
  16              		.text
  17              	.Ltext0:
  18              		.cfi_sections	.debug_frame
  19              		.file 1 "Core/Src/stm32f4xx_hal_msp.c"
  20              		.section	.text.HAL_MspInit,"ax",%progbits
  21              		.align	1
  22              		.global	HAL_MspInit
  23              		.syntax unified
  24              		.thumb
  25              		.thumb_func
  27              	HAL_MspInit:
  28              	.LFB239:
   1:Core/Src/stm32f4xx_hal_msp.c **** /* USER CODE BEGIN Header */
   2:Core/Src/stm32f4xx_hal_msp.c **** /**
   3:Core/Src/stm32f4xx_hal_msp.c ****   ******************************************************************************
   4:Core/Src/stm32f4xx_hal_msp.c ****   * @file         stm32f4xx_hal_msp.c
   5:Core/Src/stm32f4xx_hal_msp.c ****   * @brief        This file provides code for the MSP Initialization
   6:Core/Src/stm32f4xx_hal_msp.c ****   *               and de-Initialization codes.
   7:Core/Src/stm32f4xx_hal_msp.c ****   ******************************************************************************
   8:Core/Src/stm32f4xx_hal_msp.c ****   * @attention
   9:Core/Src/stm32f4xx_hal_msp.c ****   *
  10:Core/Src/stm32f4xx_hal_msp.c ****   * Copyright (c) 2025 STMicroelectronics.
  11:Core/Src/stm32f4xx_hal_msp.c ****   * All rights reserved.
  12:Core/Src/stm32f4xx_hal_msp.c ****   *
  13:Core/Src/stm32f4xx_hal_msp.c ****   * This software is licensed under terms that can be found in the LICENSE file
  14:Core/Src/stm32f4xx_hal_msp.c ****   * in the root directory of this software component.
  15:Core/Src/stm32f4xx_hal_msp.c ****   * If no LICENSE file comes with this software, it is provided AS-IS.
  16:Core/Src/stm32f4xx_hal_msp.c ****   *
  17:Core/Src/stm32f4xx_hal_msp.c ****   ******************************************************************************
  18:Core/Src/stm32f4xx_hal_msp.c ****   */
  19:Core/Src/stm32f4xx_hal_msp.c **** /* USER CODE END Header */
  20:Core/Src/stm32f4xx_hal_msp.c **** 
  21:Core/Src/stm32f4xx_hal_msp.c **** /* Includes ------------------------------------------------------------------*/
  22:Core/Src/stm32f4xx_hal_msp.c **** #include "main.h"
  23:Core/Src/stm32f4xx_hal_msp.c **** /* USER CODE BEGIN Includes */
  24:Core/Src/stm32f4xx_hal_msp.c **** 
  25:Core/Src/stm32f4xx_hal_msp.c **** /* USER CODE END Includes */
  26:Core/Src/stm32f4xx_hal_msp.c **** 
  27:Core/Src/stm32f4xx_hal_msp.c **** /* Private typedef -----------------------------------------------------------*/
  28:Core/Src/stm32f4xx_hal_msp.c **** /* USER CODE BEGIN TD */
  29:Core/Src/stm32f4xx_hal_msp.c **** 
  30:Core/Src/stm32f4xx_hal_msp.c **** /* USER CODE END TD */
ARM GAS  C:\Users\gabri\AppData\Local\Temp\ccawchnC.s 			page 2


  31:Core/Src/stm32f4xx_hal_msp.c **** 
  32:Core/Src/stm32f4xx_hal_msp.c **** /* Private define ------------------------------------------------------------*/
  33:Core/Src/stm32f4xx_hal_msp.c **** /* USER CODE BEGIN Define */
  34:Core/Src/stm32f4xx_hal_msp.c **** 
  35:Core/Src/stm32f4xx_hal_msp.c **** /* USER CODE END Define */
  36:Core/Src/stm32f4xx_hal_msp.c **** 
  37:Core/Src/stm32f4xx_hal_msp.c **** /* Private macro -------------------------------------------------------------*/
  38:Core/Src/stm32f4xx_hal_msp.c **** /* USER CODE BEGIN Macro */
  39:Core/Src/stm32f4xx_hal_msp.c **** 
  40:Core/Src/stm32f4xx_hal_msp.c **** /* USER CODE END Macro */
  41:Core/Src/stm32f4xx_hal_msp.c **** 
  42:Core/Src/stm32f4xx_hal_msp.c **** /* Private variables ---------------------------------------------------------*/
  43:Core/Src/stm32f4xx_hal_msp.c **** /* USER CODE BEGIN PV */
  44:Core/Src/stm32f4xx_hal_msp.c **** 
  45:Core/Src/stm32f4xx_hal_msp.c **** /* USER CODE END PV */
  46:Core/Src/stm32f4xx_hal_msp.c **** 
  47:Core/Src/stm32f4xx_hal_msp.c **** /* Private function prototypes -----------------------------------------------*/
  48:Core/Src/stm32f4xx_hal_msp.c **** /* USER CODE BEGIN PFP */
  49:Core/Src/stm32f4xx_hal_msp.c **** 
  50:Core/Src/stm32f4xx_hal_msp.c **** /* USER CODE END PFP */
  51:Core/Src/stm32f4xx_hal_msp.c **** 
  52:Core/Src/stm32f4xx_hal_msp.c **** /* External functions --------------------------------------------------------*/
  53:Core/Src/stm32f4xx_hal_msp.c **** /* USER CODE BEGIN ExternalFunctions */
  54:Core/Src/stm32f4xx_hal_msp.c **** 
  55:Core/Src/stm32f4xx_hal_msp.c **** /* USER CODE END ExternalFunctions */
  56:Core/Src/stm32f4xx_hal_msp.c **** 
  57:Core/Src/stm32f4xx_hal_msp.c **** /* USER CODE BEGIN 0 */
  58:Core/Src/stm32f4xx_hal_msp.c **** 
  59:Core/Src/stm32f4xx_hal_msp.c **** /* USER CODE END 0 */
  60:Core/Src/stm32f4xx_hal_msp.c **** /**
  61:Core/Src/stm32f4xx_hal_msp.c ****   * Initializes the Global MSP.
  62:Core/Src/stm32f4xx_hal_msp.c ****   */
  63:Core/Src/stm32f4xx_hal_msp.c **** void HAL_MspInit(void)
  64:Core/Src/stm32f4xx_hal_msp.c **** {
  29              		.loc 1 64 1 view -0
  30              		.cfi_startproc
  31              		@ args = 0, pretend = 0, frame = 8
  32              		@ frame_needed = 0, uses_anonymous_args = 0
  33 0000 00B5     		push	{lr}
  34              	.LCFI0:
  35              		.cfi_def_cfa_offset 4
  36              		.cfi_offset 14, -4
  37 0002 83B0     		sub	sp, sp, #12
  38              	.LCFI1:
  39              		.cfi_def_cfa_offset 16
  65:Core/Src/stm32f4xx_hal_msp.c **** 
  66:Core/Src/stm32f4xx_hal_msp.c ****   /* USER CODE BEGIN MspInit 0 */
  67:Core/Src/stm32f4xx_hal_msp.c **** 
  68:Core/Src/stm32f4xx_hal_msp.c ****   /* USER CODE END MspInit 0 */
  69:Core/Src/stm32f4xx_hal_msp.c **** 
  70:Core/Src/stm32f4xx_hal_msp.c ****   __HAL_RCC_SYSCFG_CLK_ENABLE();
  40              		.loc 1 70 3 view .LVU1
  41              	.LBB2:
  42              		.loc 1 70 3 view .LVU2
  43 0004 0021     		movs	r1, #0
  44 0006 0091     		str	r1, [sp]
  45              		.loc 1 70 3 view .LVU3
ARM GAS  C:\Users\gabri\AppData\Local\Temp\ccawchnC.s 			page 3


  46 0008 0C4B     		ldr	r3, .L3
  47 000a 5A6C     		ldr	r2, [r3, #68]
  48 000c 42F48042 		orr	r2, r2, #16384
  49 0010 5A64     		str	r2, [r3, #68]
  50              		.loc 1 70 3 view .LVU4
  51 0012 5A6C     		ldr	r2, [r3, #68]
  52 0014 02F48042 		and	r2, r2, #16384
  53 0018 0092     		str	r2, [sp]
  54              		.loc 1 70 3 view .LVU5
  55 001a 009A     		ldr	r2, [sp]
  56              	.LBE2:
  57              		.loc 1 70 3 view .LVU6
  71:Core/Src/stm32f4xx_hal_msp.c ****   __HAL_RCC_PWR_CLK_ENABLE();
  58              		.loc 1 71 3 view .LVU7
  59              	.LBB3:
  60              		.loc 1 71 3 view .LVU8
  61 001c 0191     		str	r1, [sp, #4]
  62              		.loc 1 71 3 view .LVU9
  63 001e 1A6C     		ldr	r2, [r3, #64]
  64 0020 42F08052 		orr	r2, r2, #268435456
  65 0024 1A64     		str	r2, [r3, #64]
  66              		.loc 1 71 3 view .LVU10
  67 0026 1B6C     		ldr	r3, [r3, #64]
  68 0028 03F08053 		and	r3, r3, #268435456
  69 002c 0193     		str	r3, [sp, #4]
  70              		.loc 1 71 3 view .LVU11
  71 002e 019B     		ldr	r3, [sp, #4]
  72              	.LBE3:
  73              		.loc 1 71 3 view .LVU12
  72:Core/Src/stm32f4xx_hal_msp.c **** 
  73:Core/Src/stm32f4xx_hal_msp.c ****   HAL_NVIC_SetPriorityGrouping(NVIC_PRIORITYGROUP_0);
  74              		.loc 1 73 3 view .LVU13
  75 0030 0720     		movs	r0, #7
  76 0032 FFF7FEFF 		bl	HAL_NVIC_SetPriorityGrouping
  77              	.LVL0:
  74:Core/Src/stm32f4xx_hal_msp.c **** 
  75:Core/Src/stm32f4xx_hal_msp.c ****   /* System interrupt init*/
  76:Core/Src/stm32f4xx_hal_msp.c **** 
  77:Core/Src/stm32f4xx_hal_msp.c ****   /* USER CODE BEGIN MspInit 1 */
  78:Core/Src/stm32f4xx_hal_msp.c **** 
  79:Core/Src/stm32f4xx_hal_msp.c ****   /* USER CODE END MspInit 1 */
  80:Core/Src/stm32f4xx_hal_msp.c **** }
  78              		.loc 1 80 1 is_stmt 0 view .LVU14
  79 0036 03B0     		add	sp, sp, #12
  80              	.LCFI2:
  81              		.cfi_def_cfa_offset 4
  82              		@ sp needed
  83 0038 5DF804FB 		ldr	pc, [sp], #4
  84              	.L4:
  85              		.align	2
  86              	.L3:
  87 003c 00380240 		.word	1073887232
  88              		.cfi_endproc
  89              	.LFE239:
  91              		.section	.text.HAL_ADC_MspInit,"ax",%progbits
  92              		.align	1
  93              		.global	HAL_ADC_MspInit
ARM GAS  C:\Users\gabri\AppData\Local\Temp\ccawchnC.s 			page 4


  94              		.syntax unified
  95              		.thumb
  96              		.thumb_func
  98              	HAL_ADC_MspInit:
  99              	.LVL1:
 100              	.LFB240:
  81:Core/Src/stm32f4xx_hal_msp.c **** 
  82:Core/Src/stm32f4xx_hal_msp.c **** /**
  83:Core/Src/stm32f4xx_hal_msp.c **** * @brief ADC MSP Initialization
  84:Core/Src/stm32f4xx_hal_msp.c **** * This function configures the hardware resources used in this example
  85:Core/Src/stm32f4xx_hal_msp.c **** * @param hadc: ADC handle pointer
  86:Core/Src/stm32f4xx_hal_msp.c **** * @retval None
  87:Core/Src/stm32f4xx_hal_msp.c **** */
  88:Core/Src/stm32f4xx_hal_msp.c **** void HAL_ADC_MspInit(ADC_HandleTypeDef* hadc)
  89:Core/Src/stm32f4xx_hal_msp.c **** {
 101              		.loc 1 89 1 is_stmt 1 view -0
 102              		.cfi_startproc
 103              		@ args = 0, pretend = 0, frame = 32
 104              		@ frame_needed = 0, uses_anonymous_args = 0
 105              		.loc 1 89 1 is_stmt 0 view .LVU16
 106 0000 00B5     		push	{lr}
 107              	.LCFI3:
 108              		.cfi_def_cfa_offset 4
 109              		.cfi_offset 14, -4
 110 0002 89B0     		sub	sp, sp, #36
 111              	.LCFI4:
 112              		.cfi_def_cfa_offset 40
  90:Core/Src/stm32f4xx_hal_msp.c ****   GPIO_InitTypeDef GPIO_InitStruct = {0};
 113              		.loc 1 90 3 is_stmt 1 view .LVU17
 114              		.loc 1 90 20 is_stmt 0 view .LVU18
 115 0004 0023     		movs	r3, #0
 116 0006 0393     		str	r3, [sp, #12]
 117 0008 0493     		str	r3, [sp, #16]
 118 000a 0593     		str	r3, [sp, #20]
 119 000c 0693     		str	r3, [sp, #24]
 120 000e 0793     		str	r3, [sp, #28]
  91:Core/Src/stm32f4xx_hal_msp.c ****   if(hadc->Instance==ADC1)
 121              		.loc 1 91 3 is_stmt 1 view .LVU19
 122              		.loc 1 91 10 is_stmt 0 view .LVU20
 123 0010 0268     		ldr	r2, [r0]
 124              		.loc 1 91 5 view .LVU21
 125 0012 03F18043 		add	r3, r3, #1073741824
 126 0016 03F59033 		add	r3, r3, #73728
 127 001a 9A42     		cmp	r2, r3
 128 001c 02D0     		beq	.L8
 129              	.LVL2:
 130              	.L5:
  92:Core/Src/stm32f4xx_hal_msp.c ****   {
  93:Core/Src/stm32f4xx_hal_msp.c ****   /* USER CODE BEGIN ADC1_MspInit 0 */
  94:Core/Src/stm32f4xx_hal_msp.c **** 
  95:Core/Src/stm32f4xx_hal_msp.c ****   /* USER CODE END ADC1_MspInit 0 */
  96:Core/Src/stm32f4xx_hal_msp.c ****     /* Peripheral clock enable */
  97:Core/Src/stm32f4xx_hal_msp.c ****     __HAL_RCC_ADC1_CLK_ENABLE();
  98:Core/Src/stm32f4xx_hal_msp.c **** 
  99:Core/Src/stm32f4xx_hal_msp.c ****     __HAL_RCC_GPIOA_CLK_ENABLE();
 100:Core/Src/stm32f4xx_hal_msp.c ****     /**ADC1 GPIO Configuration
 101:Core/Src/stm32f4xx_hal_msp.c ****     PA0-WKUP     ------> ADC1_IN0
ARM GAS  C:\Users\gabri\AppData\Local\Temp\ccawchnC.s 			page 5


 102:Core/Src/stm32f4xx_hal_msp.c ****     PA1     ------> ADC1_IN1
 103:Core/Src/stm32f4xx_hal_msp.c ****     */
 104:Core/Src/stm32f4xx_hal_msp.c ****     GPIO_InitStruct.Pin = GPIO_PIN_0|GPIO_PIN_1;
 105:Core/Src/stm32f4xx_hal_msp.c ****     GPIO_InitStruct.Mode = GPIO_MODE_ANALOG;
 106:Core/Src/stm32f4xx_hal_msp.c ****     GPIO_InitStruct.Pull = GPIO_NOPULL;
 107:Core/Src/stm32f4xx_hal_msp.c ****     HAL_GPIO_Init(GPIOA, &GPIO_InitStruct);
 108:Core/Src/stm32f4xx_hal_msp.c **** 
 109:Core/Src/stm32f4xx_hal_msp.c ****   /* USER CODE BEGIN ADC1_MspInit 1 */
 110:Core/Src/stm32f4xx_hal_msp.c **** 
 111:Core/Src/stm32f4xx_hal_msp.c ****   /* USER CODE END ADC1_MspInit 1 */
 112:Core/Src/stm32f4xx_hal_msp.c **** 
 113:Core/Src/stm32f4xx_hal_msp.c ****   }
 114:Core/Src/stm32f4xx_hal_msp.c **** 
 115:Core/Src/stm32f4xx_hal_msp.c **** }
 131              		.loc 1 115 1 view .LVU22
 132 001e 09B0     		add	sp, sp, #36
 133              	.LCFI5:
 134              		.cfi_remember_state
 135              		.cfi_def_cfa_offset 4
 136              		@ sp needed
 137 0020 5DF804FB 		ldr	pc, [sp], #4
 138              	.LVL3:
 139              	.L8:
 140              	.LCFI6:
 141              		.cfi_restore_state
  97:Core/Src/stm32f4xx_hal_msp.c **** 
 142              		.loc 1 97 5 is_stmt 1 view .LVU23
 143              	.LBB4:
  97:Core/Src/stm32f4xx_hal_msp.c **** 
 144              		.loc 1 97 5 view .LVU24
 145 0024 0021     		movs	r1, #0
 146 0026 0191     		str	r1, [sp, #4]
  97:Core/Src/stm32f4xx_hal_msp.c **** 
 147              		.loc 1 97 5 view .LVU25
 148 0028 03F58C33 		add	r3, r3, #71680
 149 002c 5A6C     		ldr	r2, [r3, #68]
 150 002e 42F48072 		orr	r2, r2, #256
 151 0032 5A64     		str	r2, [r3, #68]
  97:Core/Src/stm32f4xx_hal_msp.c **** 
 152              		.loc 1 97 5 view .LVU26
 153 0034 5A6C     		ldr	r2, [r3, #68]
 154 0036 02F48072 		and	r2, r2, #256
 155 003a 0192     		str	r2, [sp, #4]
  97:Core/Src/stm32f4xx_hal_msp.c **** 
 156              		.loc 1 97 5 view .LVU27
 157 003c 019A     		ldr	r2, [sp, #4]
 158              	.LBE4:
  97:Core/Src/stm32f4xx_hal_msp.c **** 
 159              		.loc 1 97 5 view .LVU28
  99:Core/Src/stm32f4xx_hal_msp.c ****     /**ADC1 GPIO Configuration
 160              		.loc 1 99 5 view .LVU29
 161              	.LBB5:
  99:Core/Src/stm32f4xx_hal_msp.c ****     /**ADC1 GPIO Configuration
 162              		.loc 1 99 5 view .LVU30
 163 003e 0291     		str	r1, [sp, #8]
  99:Core/Src/stm32f4xx_hal_msp.c ****     /**ADC1 GPIO Configuration
 164              		.loc 1 99 5 view .LVU31
ARM GAS  C:\Users\gabri\AppData\Local\Temp\ccawchnC.s 			page 6


 165 0040 1A6B     		ldr	r2, [r3, #48]
 166 0042 42F00102 		orr	r2, r2, #1
 167 0046 1A63     		str	r2, [r3, #48]
  99:Core/Src/stm32f4xx_hal_msp.c ****     /**ADC1 GPIO Configuration
 168              		.loc 1 99 5 view .LVU32
 169 0048 1B6B     		ldr	r3, [r3, #48]
 170 004a 03F00103 		and	r3, r3, #1
 171 004e 0293     		str	r3, [sp, #8]
  99:Core/Src/stm32f4xx_hal_msp.c ****     /**ADC1 GPIO Configuration
 172              		.loc 1 99 5 view .LVU33
 173 0050 029B     		ldr	r3, [sp, #8]
 174              	.LBE5:
  99:Core/Src/stm32f4xx_hal_msp.c ****     /**ADC1 GPIO Configuration
 175              		.loc 1 99 5 view .LVU34
 104:Core/Src/stm32f4xx_hal_msp.c ****     GPIO_InitStruct.Mode = GPIO_MODE_ANALOG;
 176              		.loc 1 104 5 view .LVU35
 104:Core/Src/stm32f4xx_hal_msp.c ****     GPIO_InitStruct.Mode = GPIO_MODE_ANALOG;
 177              		.loc 1 104 25 is_stmt 0 view .LVU36
 178 0052 0323     		movs	r3, #3
 179 0054 0393     		str	r3, [sp, #12]
 105:Core/Src/stm32f4xx_hal_msp.c ****     GPIO_InitStruct.Pull = GPIO_NOPULL;
 180              		.loc 1 105 5 is_stmt 1 view .LVU37
 105:Core/Src/stm32f4xx_hal_msp.c ****     GPIO_InitStruct.Pull = GPIO_NOPULL;
 181              		.loc 1 105 26 is_stmt 0 view .LVU38
 182 0056 0493     		str	r3, [sp, #16]
 106:Core/Src/stm32f4xx_hal_msp.c ****     HAL_GPIO_Init(GPIOA, &GPIO_InitStruct);
 183              		.loc 1 106 5 is_stmt 1 view .LVU39
 107:Core/Src/stm32f4xx_hal_msp.c **** 
 184              		.loc 1 107 5 view .LVU40
 185 0058 03A9     		add	r1, sp, #12
 186 005a 0248     		ldr	r0, .L9
 187              	.LVL4:
 107:Core/Src/stm32f4xx_hal_msp.c **** 
 188              		.loc 1 107 5 is_stmt 0 view .LVU41
 189 005c FFF7FEFF 		bl	HAL_GPIO_Init
 190              	.LVL5:
 191              		.loc 1 115 1 view .LVU42
 192 0060 DDE7     		b	.L5
 193              	.L10:
 194 0062 00BF     		.align	2
 195              	.L9:
 196 0064 00000240 		.word	1073872896
 197              		.cfi_endproc
 198              	.LFE240:
 200              		.section	.text.HAL_ADC_MspDeInit,"ax",%progbits
 201              		.align	1
 202              		.global	HAL_ADC_MspDeInit
 203              		.syntax unified
 204              		.thumb
 205              		.thumb_func
 207              	HAL_ADC_MspDeInit:
 208              	.LVL6:
 209              	.LFB241:
 116:Core/Src/stm32f4xx_hal_msp.c **** 
 117:Core/Src/stm32f4xx_hal_msp.c **** /**
 118:Core/Src/stm32f4xx_hal_msp.c **** * @brief ADC MSP De-Initialization
 119:Core/Src/stm32f4xx_hal_msp.c **** * This function freeze the hardware resources used in this example
ARM GAS  C:\Users\gabri\AppData\Local\Temp\ccawchnC.s 			page 7


 120:Core/Src/stm32f4xx_hal_msp.c **** * @param hadc: ADC handle pointer
 121:Core/Src/stm32f4xx_hal_msp.c **** * @retval None
 122:Core/Src/stm32f4xx_hal_msp.c **** */
 123:Core/Src/stm32f4xx_hal_msp.c **** void HAL_ADC_MspDeInit(ADC_HandleTypeDef* hadc)
 124:Core/Src/stm32f4xx_hal_msp.c **** {
 210              		.loc 1 124 1 is_stmt 1 view -0
 211              		.cfi_startproc
 212              		@ args = 0, pretend = 0, frame = 0
 213              		@ frame_needed = 0, uses_anonymous_args = 0
 214              		.loc 1 124 1 is_stmt 0 view .LVU44
 215 0000 08B5     		push	{r3, lr}
 216              	.LCFI7:
 217              		.cfi_def_cfa_offset 8
 218              		.cfi_offset 3, -8
 219              		.cfi_offset 14, -4
 125:Core/Src/stm32f4xx_hal_msp.c ****   if(hadc->Instance==ADC1)
 220              		.loc 1 125 3 is_stmt 1 view .LVU45
 221              		.loc 1 125 10 is_stmt 0 view .LVU46
 222 0002 0268     		ldr	r2, [r0]
 223              		.loc 1 125 5 view .LVU47
 224 0004 064B     		ldr	r3, .L15
 225 0006 9A42     		cmp	r2, r3
 226 0008 00D0     		beq	.L14
 227              	.LVL7:
 228              	.L11:
 126:Core/Src/stm32f4xx_hal_msp.c ****   {
 127:Core/Src/stm32f4xx_hal_msp.c ****   /* USER CODE BEGIN ADC1_MspDeInit 0 */
 128:Core/Src/stm32f4xx_hal_msp.c **** 
 129:Core/Src/stm32f4xx_hal_msp.c ****   /* USER CODE END ADC1_MspDeInit 0 */
 130:Core/Src/stm32f4xx_hal_msp.c ****     /* Peripheral clock disable */
 131:Core/Src/stm32f4xx_hal_msp.c ****     __HAL_RCC_ADC1_CLK_DISABLE();
 132:Core/Src/stm32f4xx_hal_msp.c **** 
 133:Core/Src/stm32f4xx_hal_msp.c ****     /**ADC1 GPIO Configuration
 134:Core/Src/stm32f4xx_hal_msp.c ****     PA0-WKUP     ------> ADC1_IN0
 135:Core/Src/stm32f4xx_hal_msp.c ****     PA1     ------> ADC1_IN1
 136:Core/Src/stm32f4xx_hal_msp.c ****     */
 137:Core/Src/stm32f4xx_hal_msp.c ****     HAL_GPIO_DeInit(GPIOA, GPIO_PIN_0|GPIO_PIN_1);
 138:Core/Src/stm32f4xx_hal_msp.c **** 
 139:Core/Src/stm32f4xx_hal_msp.c ****   /* USER CODE BEGIN ADC1_MspDeInit 1 */
 140:Core/Src/stm32f4xx_hal_msp.c **** 
 141:Core/Src/stm32f4xx_hal_msp.c ****   /* USER CODE END ADC1_MspDeInit 1 */
 142:Core/Src/stm32f4xx_hal_msp.c ****   }
 143:Core/Src/stm32f4xx_hal_msp.c **** 
 144:Core/Src/stm32f4xx_hal_msp.c **** }
 229              		.loc 1 144 1 view .LVU48
 230 000a 08BD     		pop	{r3, pc}
 231              	.LVL8:
 232              	.L14:
 131:Core/Src/stm32f4xx_hal_msp.c **** 
 233              		.loc 1 131 5 is_stmt 1 view .LVU49
 234 000c 054A     		ldr	r2, .L15+4
 235 000e 536C     		ldr	r3, [r2, #68]
 236 0010 23F48073 		bic	r3, r3, #256
 237 0014 5364     		str	r3, [r2, #68]
 137:Core/Src/stm32f4xx_hal_msp.c **** 
 238              		.loc 1 137 5 view .LVU50
 239 0016 0321     		movs	r1, #3
ARM GAS  C:\Users\gabri\AppData\Local\Temp\ccawchnC.s 			page 8


 240 0018 0348     		ldr	r0, .L15+8
 241              	.LVL9:
 137:Core/Src/stm32f4xx_hal_msp.c **** 
 242              		.loc 1 137 5 is_stmt 0 view .LVU51
 243 001a FFF7FEFF 		bl	HAL_GPIO_DeInit
 244              	.LVL10:
 245              		.loc 1 144 1 view .LVU52
 246 001e F4E7     		b	.L11
 247              	.L16:
 248              		.align	2
 249              	.L15:
 250 0020 00200140 		.word	1073815552
 251 0024 00380240 		.word	1073887232
 252 0028 00000240 		.word	1073872896
 253              		.cfi_endproc
 254              	.LFE241:
 256              		.section	.text.HAL_I2C_MspInit,"ax",%progbits
 257              		.align	1
 258              		.global	HAL_I2C_MspInit
 259              		.syntax unified
 260              		.thumb
 261              		.thumb_func
 263              	HAL_I2C_MspInit:
 264              	.LVL11:
 265              	.LFB242:
 145:Core/Src/stm32f4xx_hal_msp.c **** 
 146:Core/Src/stm32f4xx_hal_msp.c **** /**
 147:Core/Src/stm32f4xx_hal_msp.c **** * @brief I2C MSP Initialization
 148:Core/Src/stm32f4xx_hal_msp.c **** * This function configures the hardware resources used in this example
 149:Core/Src/stm32f4xx_hal_msp.c **** * @param hi2c: I2C handle pointer
 150:Core/Src/stm32f4xx_hal_msp.c **** * @retval None
 151:Core/Src/stm32f4xx_hal_msp.c **** */
 152:Core/Src/stm32f4xx_hal_msp.c **** void HAL_I2C_MspInit(I2C_HandleTypeDef* hi2c)
 153:Core/Src/stm32f4xx_hal_msp.c **** {
 266              		.loc 1 153 1 is_stmt 1 view -0
 267              		.cfi_startproc
 268              		@ args = 0, pretend = 0, frame = 32
 269              		@ frame_needed = 0, uses_anonymous_args = 0
 270              		.loc 1 153 1 is_stmt 0 view .LVU54
 271 0000 30B5     		push	{r4, r5, lr}
 272              	.LCFI8:
 273              		.cfi_def_cfa_offset 12
 274              		.cfi_offset 4, -12
 275              		.cfi_offset 5, -8
 276              		.cfi_offset 14, -4
 277 0002 89B0     		sub	sp, sp, #36
 278              	.LCFI9:
 279              		.cfi_def_cfa_offset 48
 154:Core/Src/stm32f4xx_hal_msp.c ****   GPIO_InitTypeDef GPIO_InitStruct = {0};
 280              		.loc 1 154 3 is_stmt 1 view .LVU55
 281              		.loc 1 154 20 is_stmt 0 view .LVU56
 282 0004 0023     		movs	r3, #0
 283 0006 0393     		str	r3, [sp, #12]
 284 0008 0493     		str	r3, [sp, #16]
 285 000a 0593     		str	r3, [sp, #20]
 286 000c 0693     		str	r3, [sp, #24]
 287 000e 0793     		str	r3, [sp, #28]
ARM GAS  C:\Users\gabri\AppData\Local\Temp\ccawchnC.s 			page 9


 155:Core/Src/stm32f4xx_hal_msp.c ****   if(hi2c->Instance==I2C1)
 288              		.loc 1 155 3 is_stmt 1 view .LVU57
 289              		.loc 1 155 10 is_stmt 0 view .LVU58
 290 0010 0268     		ldr	r2, [r0]
 291              		.loc 1 155 5 view .LVU59
 292 0012 144B     		ldr	r3, .L21
 293 0014 9A42     		cmp	r2, r3
 294 0016 01D0     		beq	.L20
 295              	.LVL12:
 296              	.L17:
 156:Core/Src/stm32f4xx_hal_msp.c ****   {
 157:Core/Src/stm32f4xx_hal_msp.c ****   /* USER CODE BEGIN I2C1_MspInit 0 */
 158:Core/Src/stm32f4xx_hal_msp.c **** 
 159:Core/Src/stm32f4xx_hal_msp.c ****   /* USER CODE END I2C1_MspInit 0 */
 160:Core/Src/stm32f4xx_hal_msp.c **** 
 161:Core/Src/stm32f4xx_hal_msp.c ****     __HAL_RCC_GPIOB_CLK_ENABLE();
 162:Core/Src/stm32f4xx_hal_msp.c ****     /**I2C1 GPIO Configuration
 163:Core/Src/stm32f4xx_hal_msp.c ****     PB8     ------> I2C1_SCL
 164:Core/Src/stm32f4xx_hal_msp.c ****     PB9     ------> I2C1_SDA
 165:Core/Src/stm32f4xx_hal_msp.c ****     */
 166:Core/Src/stm32f4xx_hal_msp.c ****     GPIO_InitStruct.Pin = GPIO_PIN_8|GPIO_PIN_9;
 167:Core/Src/stm32f4xx_hal_msp.c ****     GPIO_InitStruct.Mode = GPIO_MODE_AF_OD;
 168:Core/Src/stm32f4xx_hal_msp.c ****     GPIO_InitStruct.Pull = GPIO_NOPULL;
 169:Core/Src/stm32f4xx_hal_msp.c ****     GPIO_InitStruct.Speed = GPIO_SPEED_FREQ_VERY_HIGH;
 170:Core/Src/stm32f4xx_hal_msp.c ****     GPIO_InitStruct.Alternate = GPIO_AF4_I2C1;
 171:Core/Src/stm32f4xx_hal_msp.c ****     HAL_GPIO_Init(GPIOB, &GPIO_InitStruct);
 172:Core/Src/stm32f4xx_hal_msp.c **** 
 173:Core/Src/stm32f4xx_hal_msp.c ****     /* Peripheral clock enable */
 174:Core/Src/stm32f4xx_hal_msp.c ****     __HAL_RCC_I2C1_CLK_ENABLE();
 175:Core/Src/stm32f4xx_hal_msp.c ****   /* USER CODE BEGIN I2C1_MspInit 1 */
 176:Core/Src/stm32f4xx_hal_msp.c **** 
 177:Core/Src/stm32f4xx_hal_msp.c ****   /* USER CODE END I2C1_MspInit 1 */
 178:Core/Src/stm32f4xx_hal_msp.c **** 
 179:Core/Src/stm32f4xx_hal_msp.c ****   }
 180:Core/Src/stm32f4xx_hal_msp.c **** 
 181:Core/Src/stm32f4xx_hal_msp.c **** }
 297              		.loc 1 181 1 view .LVU60
 298 0018 09B0     		add	sp, sp, #36
 299              	.LCFI10:
 300              		.cfi_remember_state
 301              		.cfi_def_cfa_offset 12
 302              		@ sp needed
 303 001a 30BD     		pop	{r4, r5, pc}
 304              	.LVL13:
 305              	.L20:
 306              	.LCFI11:
 307              		.cfi_restore_state
 161:Core/Src/stm32f4xx_hal_msp.c ****     /**I2C1 GPIO Configuration
 308              		.loc 1 161 5 is_stmt 1 view .LVU61
 309              	.LBB6:
 161:Core/Src/stm32f4xx_hal_msp.c ****     /**I2C1 GPIO Configuration
 310              		.loc 1 161 5 view .LVU62
 311 001c 0025     		movs	r5, #0
 312 001e 0195     		str	r5, [sp, #4]
 161:Core/Src/stm32f4xx_hal_msp.c ****     /**I2C1 GPIO Configuration
 313              		.loc 1 161 5 view .LVU63
 314 0020 114C     		ldr	r4, .L21+4
ARM GAS  C:\Users\gabri\AppData\Local\Temp\ccawchnC.s 			page 10


 315 0022 236B     		ldr	r3, [r4, #48]
 316 0024 43F00203 		orr	r3, r3, #2
 317 0028 2363     		str	r3, [r4, #48]
 161:Core/Src/stm32f4xx_hal_msp.c ****     /**I2C1 GPIO Configuration
 318              		.loc 1 161 5 view .LVU64
 319 002a 236B     		ldr	r3, [r4, #48]
 320 002c 03F00203 		and	r3, r3, #2
 321 0030 0193     		str	r3, [sp, #4]
 161:Core/Src/stm32f4xx_hal_msp.c ****     /**I2C1 GPIO Configuration
 322              		.loc 1 161 5 view .LVU65
 323 0032 019B     		ldr	r3, [sp, #4]
 324              	.LBE6:
 161:Core/Src/stm32f4xx_hal_msp.c ****     /**I2C1 GPIO Configuration
 325              		.loc 1 161 5 view .LVU66
 166:Core/Src/stm32f4xx_hal_msp.c ****     GPIO_InitStruct.Mode = GPIO_MODE_AF_OD;
 326              		.loc 1 166 5 view .LVU67
 166:Core/Src/stm32f4xx_hal_msp.c ****     GPIO_InitStruct.Mode = GPIO_MODE_AF_OD;
 327              		.loc 1 166 25 is_stmt 0 view .LVU68
 328 0034 4FF44073 		mov	r3, #768
 329 0038 0393     		str	r3, [sp, #12]
 167:Core/Src/stm32f4xx_hal_msp.c ****     GPIO_InitStruct.Pull = GPIO_NOPULL;
 330              		.loc 1 167 5 is_stmt 1 view .LVU69
 167:Core/Src/stm32f4xx_hal_msp.c ****     GPIO_InitStruct.Pull = GPIO_NOPULL;
 331              		.loc 1 167 26 is_stmt 0 view .LVU70
 332 003a 1223     		movs	r3, #18
 333 003c 0493     		str	r3, [sp, #16]
 168:Core/Src/stm32f4xx_hal_msp.c ****     GPIO_InitStruct.Speed = GPIO_SPEED_FREQ_VERY_HIGH;
 334              		.loc 1 168 5 is_stmt 1 view .LVU71
 169:Core/Src/stm32f4xx_hal_msp.c ****     GPIO_InitStruct.Alternate = GPIO_AF4_I2C1;
 335              		.loc 1 169 5 view .LVU72
 169:Core/Src/stm32f4xx_hal_msp.c ****     GPIO_InitStruct.Alternate = GPIO_AF4_I2C1;
 336              		.loc 1 169 27 is_stmt 0 view .LVU73
 337 003e 0323     		movs	r3, #3
 338 0040 0693     		str	r3, [sp, #24]
 170:Core/Src/stm32f4xx_hal_msp.c ****     HAL_GPIO_Init(GPIOB, &GPIO_InitStruct);
 339              		.loc 1 170 5 is_stmt 1 view .LVU74
 170:Core/Src/stm32f4xx_hal_msp.c ****     HAL_GPIO_Init(GPIOB, &GPIO_InitStruct);
 340              		.loc 1 170 31 is_stmt 0 view .LVU75
 341 0042 0423     		movs	r3, #4
 342 0044 0793     		str	r3, [sp, #28]
 171:Core/Src/stm32f4xx_hal_msp.c **** 
 343              		.loc 1 171 5 is_stmt 1 view .LVU76
 344 0046 03A9     		add	r1, sp, #12
 345 0048 0848     		ldr	r0, .L21+8
 346              	.LVL14:
 171:Core/Src/stm32f4xx_hal_msp.c **** 
 347              		.loc 1 171 5 is_stmt 0 view .LVU77
 348 004a FFF7FEFF 		bl	HAL_GPIO_Init
 349              	.LVL15:
 174:Core/Src/stm32f4xx_hal_msp.c ****   /* USER CODE BEGIN I2C1_MspInit 1 */
 350              		.loc 1 174 5 is_stmt 1 view .LVU78
 351              	.LBB7:
 174:Core/Src/stm32f4xx_hal_msp.c ****   /* USER CODE BEGIN I2C1_MspInit 1 */
 352              		.loc 1 174 5 view .LVU79
 353 004e 0295     		str	r5, [sp, #8]
 174:Core/Src/stm32f4xx_hal_msp.c ****   /* USER CODE BEGIN I2C1_MspInit 1 */
 354              		.loc 1 174 5 view .LVU80
ARM GAS  C:\Users\gabri\AppData\Local\Temp\ccawchnC.s 			page 11


 355 0050 236C     		ldr	r3, [r4, #64]
 356 0052 43F40013 		orr	r3, r3, #2097152
 357 0056 2364     		str	r3, [r4, #64]
 174:Core/Src/stm32f4xx_hal_msp.c ****   /* USER CODE BEGIN I2C1_MspInit 1 */
 358              		.loc 1 174 5 view .LVU81
 359 0058 236C     		ldr	r3, [r4, #64]
 360 005a 03F40013 		and	r3, r3, #2097152
 361 005e 0293     		str	r3, [sp, #8]
 174:Core/Src/stm32f4xx_hal_msp.c ****   /* USER CODE BEGIN I2C1_MspInit 1 */
 362              		.loc 1 174 5 view .LVU82
 363 0060 029B     		ldr	r3, [sp, #8]
 364              	.LBE7:
 174:Core/Src/stm32f4xx_hal_msp.c ****   /* USER CODE BEGIN I2C1_MspInit 1 */
 365              		.loc 1 174 5 view .LVU83
 366              		.loc 1 181 1 is_stmt 0 view .LVU84
 367 0062 D9E7     		b	.L17
 368              	.L22:
 369              		.align	2
 370              	.L21:
 371 0064 00540040 		.word	1073763328
 372 0068 00380240 		.word	1073887232
 373 006c 00040240 		.word	1073873920
 374              		.cfi_endproc
 375              	.LFE242:
 377              		.section	.text.HAL_I2C_MspDeInit,"ax",%progbits
 378              		.align	1
 379              		.global	HAL_I2C_MspDeInit
 380              		.syntax unified
 381              		.thumb
 382              		.thumb_func
 384              	HAL_I2C_MspDeInit:
 385              	.LVL16:
 386              	.LFB243:
 182:Core/Src/stm32f4xx_hal_msp.c **** 
 183:Core/Src/stm32f4xx_hal_msp.c **** /**
 184:Core/Src/stm32f4xx_hal_msp.c **** * @brief I2C MSP De-Initialization
 185:Core/Src/stm32f4xx_hal_msp.c **** * This function freeze the hardware resources used in this example
 186:Core/Src/stm32f4xx_hal_msp.c **** * @param hi2c: I2C handle pointer
 187:Core/Src/stm32f4xx_hal_msp.c **** * @retval None
 188:Core/Src/stm32f4xx_hal_msp.c **** */
 189:Core/Src/stm32f4xx_hal_msp.c **** void HAL_I2C_MspDeInit(I2C_HandleTypeDef* hi2c)
 190:Core/Src/stm32f4xx_hal_msp.c **** {
 387              		.loc 1 190 1 is_stmt 1 view -0
 388              		.cfi_startproc
 389              		@ args = 0, pretend = 0, frame = 0
 390              		@ frame_needed = 0, uses_anonymous_args = 0
 191:Core/Src/stm32f4xx_hal_msp.c ****   if(hi2c->Instance==I2C1)
 391              		.loc 1 191 3 view .LVU86
 392              		.loc 1 191 10 is_stmt 0 view .LVU87
 393 0000 0268     		ldr	r2, [r0]
 394              		.loc 1 191 5 view .LVU88
 395 0002 0B4B     		ldr	r3, .L30
 396 0004 9A42     		cmp	r2, r3
 397 0006 00D0     		beq	.L29
 398 0008 7047     		bx	lr
 399              	.L29:
 190:Core/Src/stm32f4xx_hal_msp.c ****   if(hi2c->Instance==I2C1)
ARM GAS  C:\Users\gabri\AppData\Local\Temp\ccawchnC.s 			page 12


 400              		.loc 1 190 1 view .LVU89
 401 000a 10B5     		push	{r4, lr}
 402              	.LCFI12:
 403              		.cfi_def_cfa_offset 8
 404              		.cfi_offset 4, -8
 405              		.cfi_offset 14, -4
 192:Core/Src/stm32f4xx_hal_msp.c ****   {
 193:Core/Src/stm32f4xx_hal_msp.c ****   /* USER CODE BEGIN I2C1_MspDeInit 0 */
 194:Core/Src/stm32f4xx_hal_msp.c **** 
 195:Core/Src/stm32f4xx_hal_msp.c ****   /* USER CODE END I2C1_MspDeInit 0 */
 196:Core/Src/stm32f4xx_hal_msp.c ****     /* Peripheral clock disable */
 197:Core/Src/stm32f4xx_hal_msp.c ****     __HAL_RCC_I2C1_CLK_DISABLE();
 406              		.loc 1 197 5 is_stmt 1 view .LVU90
 407 000c 094A     		ldr	r2, .L30+4
 408 000e 136C     		ldr	r3, [r2, #64]
 409 0010 23F40013 		bic	r3, r3, #2097152
 410 0014 1364     		str	r3, [r2, #64]
 198:Core/Src/stm32f4xx_hal_msp.c **** 
 199:Core/Src/stm32f4xx_hal_msp.c ****     /**I2C1 GPIO Configuration
 200:Core/Src/stm32f4xx_hal_msp.c ****     PB8     ------> I2C1_SCL
 201:Core/Src/stm32f4xx_hal_msp.c ****     PB9     ------> I2C1_SDA
 202:Core/Src/stm32f4xx_hal_msp.c ****     */
 203:Core/Src/stm32f4xx_hal_msp.c ****     HAL_GPIO_DeInit(GPIOB, GPIO_PIN_8);
 411              		.loc 1 203 5 view .LVU91
 412 0016 084C     		ldr	r4, .L30+8
 413 0018 4FF48071 		mov	r1, #256
 414 001c 2046     		mov	r0, r4
 415              	.LVL17:
 416              		.loc 1 203 5 is_stmt 0 view .LVU92
 417 001e FFF7FEFF 		bl	HAL_GPIO_DeInit
 418              	.LVL18:
 204:Core/Src/stm32f4xx_hal_msp.c **** 
 205:Core/Src/stm32f4xx_hal_msp.c ****     HAL_GPIO_DeInit(GPIOB, GPIO_PIN_9);
 419              		.loc 1 205 5 is_stmt 1 view .LVU93
 420 0022 4FF40071 		mov	r1, #512
 421 0026 2046     		mov	r0, r4
 422 0028 FFF7FEFF 		bl	HAL_GPIO_DeInit
 423              	.LVL19:
 206:Core/Src/stm32f4xx_hal_msp.c **** 
 207:Core/Src/stm32f4xx_hal_msp.c ****   /* USER CODE BEGIN I2C1_MspDeInit 1 */
 208:Core/Src/stm32f4xx_hal_msp.c **** 
 209:Core/Src/stm32f4xx_hal_msp.c ****   /* USER CODE END I2C1_MspDeInit 1 */
 210:Core/Src/stm32f4xx_hal_msp.c ****   }
 211:Core/Src/stm32f4xx_hal_msp.c **** 
 212:Core/Src/stm32f4xx_hal_msp.c **** }
 424              		.loc 1 212 1 is_stmt 0 view .LVU94
 425 002c 10BD     		pop	{r4, pc}
 426              	.L31:
 427 002e 00BF     		.align	2
 428              	.L30:
 429 0030 00540040 		.word	1073763328
 430 0034 00380240 		.word	1073887232
 431 0038 00040240 		.word	1073873920
 432              		.cfi_endproc
 433              	.LFE243:
 435              		.section	.text.HAL_UART_MspInit,"ax",%progbits
 436              		.align	1
ARM GAS  C:\Users\gabri\AppData\Local\Temp\ccawchnC.s 			page 13


 437              		.global	HAL_UART_MspInit
 438              		.syntax unified
 439              		.thumb
 440              		.thumb_func
 442              	HAL_UART_MspInit:
 443              	.LVL20:
 444              	.LFB244:
 213:Core/Src/stm32f4xx_hal_msp.c **** 
 214:Core/Src/stm32f4xx_hal_msp.c **** /**
 215:Core/Src/stm32f4xx_hal_msp.c **** * @brief UART MSP Initialization
 216:Core/Src/stm32f4xx_hal_msp.c **** * This function configures the hardware resources used in this example
 217:Core/Src/stm32f4xx_hal_msp.c **** * @param huart: UART handle pointer
 218:Core/Src/stm32f4xx_hal_msp.c **** * @retval None
 219:Core/Src/stm32f4xx_hal_msp.c **** */
 220:Core/Src/stm32f4xx_hal_msp.c **** void HAL_UART_MspInit(UART_HandleTypeDef* huart)
 221:Core/Src/stm32f4xx_hal_msp.c **** {
 445              		.loc 1 221 1 is_stmt 1 view -0
 446              		.cfi_startproc
 447              		@ args = 0, pretend = 0, frame = 32
 448              		@ frame_needed = 0, uses_anonymous_args = 0
 449              		.loc 1 221 1 is_stmt 0 view .LVU96
 450 0000 00B5     		push	{lr}
 451              	.LCFI13:
 452              		.cfi_def_cfa_offset 4
 453              		.cfi_offset 14, -4
 454 0002 89B0     		sub	sp, sp, #36
 455              	.LCFI14:
 456              		.cfi_def_cfa_offset 40
 222:Core/Src/stm32f4xx_hal_msp.c ****   GPIO_InitTypeDef GPIO_InitStruct = {0};
 457              		.loc 1 222 3 is_stmt 1 view .LVU97
 458              		.loc 1 222 20 is_stmt 0 view .LVU98
 459 0004 0023     		movs	r3, #0
 460 0006 0393     		str	r3, [sp, #12]
 461 0008 0493     		str	r3, [sp, #16]
 462 000a 0593     		str	r3, [sp, #20]
 463 000c 0693     		str	r3, [sp, #24]
 464 000e 0793     		str	r3, [sp, #28]
 223:Core/Src/stm32f4xx_hal_msp.c ****   if(huart->Instance==USART2)
 465              		.loc 1 223 3 is_stmt 1 view .LVU99
 466              		.loc 1 223 11 is_stmt 0 view .LVU100
 467 0010 0268     		ldr	r2, [r0]
 468              		.loc 1 223 5 view .LVU101
 469 0012 154B     		ldr	r3, .L36
 470 0014 9A42     		cmp	r2, r3
 471 0016 02D0     		beq	.L35
 472              	.LVL21:
 473              	.L32:
 224:Core/Src/stm32f4xx_hal_msp.c ****   {
 225:Core/Src/stm32f4xx_hal_msp.c ****   /* USER CODE BEGIN USART2_MspInit 0 */
 226:Core/Src/stm32f4xx_hal_msp.c **** 
 227:Core/Src/stm32f4xx_hal_msp.c ****   /* USER CODE END USART2_MspInit 0 */
 228:Core/Src/stm32f4xx_hal_msp.c ****     /* Peripheral clock enable */
 229:Core/Src/stm32f4xx_hal_msp.c ****     __HAL_RCC_USART2_CLK_ENABLE();
 230:Core/Src/stm32f4xx_hal_msp.c **** 
 231:Core/Src/stm32f4xx_hal_msp.c ****     __HAL_RCC_GPIOA_CLK_ENABLE();
 232:Core/Src/stm32f4xx_hal_msp.c ****     /**USART2 GPIO Configuration
 233:Core/Src/stm32f4xx_hal_msp.c ****     PA2     ------> USART2_TX
ARM GAS  C:\Users\gabri\AppData\Local\Temp\ccawchnC.s 			page 14


 234:Core/Src/stm32f4xx_hal_msp.c ****     PA3     ------> USART2_RX
 235:Core/Src/stm32f4xx_hal_msp.c ****     */
 236:Core/Src/stm32f4xx_hal_msp.c ****     GPIO_InitStruct.Pin = USART_TX_Pin|USART_RX_Pin;
 237:Core/Src/stm32f4xx_hal_msp.c ****     GPIO_InitStruct.Mode = GPIO_MODE_AF_PP;
 238:Core/Src/stm32f4xx_hal_msp.c ****     GPIO_InitStruct.Pull = GPIO_NOPULL;
 239:Core/Src/stm32f4xx_hal_msp.c ****     GPIO_InitStruct.Speed = GPIO_SPEED_FREQ_VERY_HIGH;
 240:Core/Src/stm32f4xx_hal_msp.c ****     GPIO_InitStruct.Alternate = GPIO_AF7_USART2;
 241:Core/Src/stm32f4xx_hal_msp.c ****     HAL_GPIO_Init(GPIOA, &GPIO_InitStruct);
 242:Core/Src/stm32f4xx_hal_msp.c **** 
 243:Core/Src/stm32f4xx_hal_msp.c ****   /* USER CODE BEGIN USART2_MspInit 1 */
 244:Core/Src/stm32f4xx_hal_msp.c **** 
 245:Core/Src/stm32f4xx_hal_msp.c ****   /* USER CODE END USART2_MspInit 1 */
 246:Core/Src/stm32f4xx_hal_msp.c **** 
 247:Core/Src/stm32f4xx_hal_msp.c ****   }
 248:Core/Src/stm32f4xx_hal_msp.c **** 
 249:Core/Src/stm32f4xx_hal_msp.c **** }
 474              		.loc 1 249 1 view .LVU102
 475 0018 09B0     		add	sp, sp, #36
 476              	.LCFI15:
 477              		.cfi_remember_state
 478              		.cfi_def_cfa_offset 4
 479              		@ sp needed
 480 001a 5DF804FB 		ldr	pc, [sp], #4
 481              	.LVL22:
 482              	.L35:
 483              	.LCFI16:
 484              		.cfi_restore_state
 229:Core/Src/stm32f4xx_hal_msp.c **** 
 485              		.loc 1 229 5 is_stmt 1 view .LVU103
 486              	.LBB8:
 229:Core/Src/stm32f4xx_hal_msp.c **** 
 487              		.loc 1 229 5 view .LVU104
 488 001e 0021     		movs	r1, #0
 489 0020 0191     		str	r1, [sp, #4]
 229:Core/Src/stm32f4xx_hal_msp.c **** 
 490              		.loc 1 229 5 view .LVU105
 491 0022 03F5FA33 		add	r3, r3, #128000
 492 0026 1A6C     		ldr	r2, [r3, #64]
 493 0028 42F40032 		orr	r2, r2, #131072
 494 002c 1A64     		str	r2, [r3, #64]
 229:Core/Src/stm32f4xx_hal_msp.c **** 
 495              		.loc 1 229 5 view .LVU106
 496 002e 1A6C     		ldr	r2, [r3, #64]
 497 0030 02F40032 		and	r2, r2, #131072
 498 0034 0192     		str	r2, [sp, #4]
 229:Core/Src/stm32f4xx_hal_msp.c **** 
 499              		.loc 1 229 5 view .LVU107
 500 0036 019A     		ldr	r2, [sp, #4]
 501              	.LBE8:
 229:Core/Src/stm32f4xx_hal_msp.c **** 
 502              		.loc 1 229 5 view .LVU108
 231:Core/Src/stm32f4xx_hal_msp.c ****     /**USART2 GPIO Configuration
 503              		.loc 1 231 5 view .LVU109
 504              	.LBB9:
 231:Core/Src/stm32f4xx_hal_msp.c ****     /**USART2 GPIO Configuration
 505              		.loc 1 231 5 view .LVU110
 506 0038 0291     		str	r1, [sp, #8]
ARM GAS  C:\Users\gabri\AppData\Local\Temp\ccawchnC.s 			page 15


 231:Core/Src/stm32f4xx_hal_msp.c ****     /**USART2 GPIO Configuration
 507              		.loc 1 231 5 view .LVU111
 508 003a 1A6B     		ldr	r2, [r3, #48]
 509 003c 42F00102 		orr	r2, r2, #1
 510 0040 1A63     		str	r2, [r3, #48]
 231:Core/Src/stm32f4xx_hal_msp.c ****     /**USART2 GPIO Configuration
 511              		.loc 1 231 5 view .LVU112
 512 0042 1B6B     		ldr	r3, [r3, #48]
 513 0044 03F00103 		and	r3, r3, #1
 514 0048 0293     		str	r3, [sp, #8]
 231:Core/Src/stm32f4xx_hal_msp.c ****     /**USART2 GPIO Configuration
 515              		.loc 1 231 5 view .LVU113
 516 004a 029B     		ldr	r3, [sp, #8]
 517              	.LBE9:
 231:Core/Src/stm32f4xx_hal_msp.c ****     /**USART2 GPIO Configuration
 518              		.loc 1 231 5 view .LVU114
 236:Core/Src/stm32f4xx_hal_msp.c ****     GPIO_InitStruct.Mode = GPIO_MODE_AF_PP;
 519              		.loc 1 236 5 view .LVU115
 236:Core/Src/stm32f4xx_hal_msp.c ****     GPIO_InitStruct.Mode = GPIO_MODE_AF_PP;
 520              		.loc 1 236 25 is_stmt 0 view .LVU116
 521 004c 0C23     		movs	r3, #12
 522 004e 0393     		str	r3, [sp, #12]
 237:Core/Src/stm32f4xx_hal_msp.c ****     GPIO_InitStruct.Pull = GPIO_NOPULL;
 523              		.loc 1 237 5 is_stmt 1 view .LVU117
 237:Core/Src/stm32f4xx_hal_msp.c ****     GPIO_InitStruct.Pull = GPIO_NOPULL;
 524              		.loc 1 237 26 is_stmt 0 view .LVU118
 525 0050 0223     		movs	r3, #2
 526 0052 0493     		str	r3, [sp, #16]
 238:Core/Src/stm32f4xx_hal_msp.c ****     GPIO_InitStruct.Speed = GPIO_SPEED_FREQ_VERY_HIGH;
 527              		.loc 1 238 5 is_stmt 1 view .LVU119
 239:Core/Src/stm32f4xx_hal_msp.c ****     GPIO_InitStruct.Alternate = GPIO_AF7_USART2;
 528              		.loc 1 239 5 view .LVU120
 239:Core/Src/stm32f4xx_hal_msp.c ****     GPIO_InitStruct.Alternate = GPIO_AF7_USART2;
 529              		.loc 1 239 27 is_stmt 0 view .LVU121
 530 0054 0323     		movs	r3, #3
 531 0056 0693     		str	r3, [sp, #24]
 240:Core/Src/stm32f4xx_hal_msp.c ****     HAL_GPIO_Init(GPIOA, &GPIO_InitStruct);
 532              		.loc 1 240 5 is_stmt 1 view .LVU122
 240:Core/Src/stm32f4xx_hal_msp.c ****     HAL_GPIO_Init(GPIOA, &GPIO_InitStruct);
 533              		.loc 1 240 31 is_stmt 0 view .LVU123
 534 0058 0723     		movs	r3, #7
 535 005a 0793     		str	r3, [sp, #28]
 241:Core/Src/stm32f4xx_hal_msp.c **** 
 536              		.loc 1 241 5 is_stmt 1 view .LVU124
 537 005c 03A9     		add	r1, sp, #12
 538 005e 0348     		ldr	r0, .L36+4
 539              	.LVL23:
 241:Core/Src/stm32f4xx_hal_msp.c **** 
 540              		.loc 1 241 5 is_stmt 0 view .LVU125
 541 0060 FFF7FEFF 		bl	HAL_GPIO_Init
 542              	.LVL24:
 543              		.loc 1 249 1 view .LVU126
 544 0064 D8E7     		b	.L32
 545              	.L37:
 546 0066 00BF     		.align	2
 547              	.L36:
 548 0068 00440040 		.word	1073759232
ARM GAS  C:\Users\gabri\AppData\Local\Temp\ccawchnC.s 			page 16


 549 006c 00000240 		.word	1073872896
 550              		.cfi_endproc
 551              	.LFE244:
 553              		.section	.text.HAL_UART_MspDeInit,"ax",%progbits
 554              		.align	1
 555              		.global	HAL_UART_MspDeInit
 556              		.syntax unified
 557              		.thumb
 558              		.thumb_func
 560              	HAL_UART_MspDeInit:
 561              	.LVL25:
 562              	.LFB245:
 250:Core/Src/stm32f4xx_hal_msp.c **** 
 251:Core/Src/stm32f4xx_hal_msp.c **** /**
 252:Core/Src/stm32f4xx_hal_msp.c **** * @brief UART MSP De-Initialization
 253:Core/Src/stm32f4xx_hal_msp.c **** * This function freeze the hardware resources used in this example
 254:Core/Src/stm32f4xx_hal_msp.c **** * @param huart: UART handle pointer
 255:Core/Src/stm32f4xx_hal_msp.c **** * @retval None
 256:Core/Src/stm32f4xx_hal_msp.c **** */
 257:Core/Src/stm32f4xx_hal_msp.c **** void HAL_UART_MspDeInit(UART_HandleTypeDef* huart)
 258:Core/Src/stm32f4xx_hal_msp.c **** {
 563              		.loc 1 258 1 is_stmt 1 view -0
 564              		.cfi_startproc
 565              		@ args = 0, pretend = 0, frame = 0
 566              		@ frame_needed = 0, uses_anonymous_args = 0
 567              		.loc 1 258 1 is_stmt 0 view .LVU128
 568 0000 08B5     		push	{r3, lr}
 569              	.LCFI17:
 570              		.cfi_def_cfa_offset 8
 571              		.cfi_offset 3, -8
 572              		.cfi_offset 14, -4
 259:Core/Src/stm32f4xx_hal_msp.c ****   if(huart->Instance==USART2)
 573              		.loc 1 259 3 is_stmt 1 view .LVU129
 574              		.loc 1 259 11 is_stmt 0 view .LVU130
 575 0002 0268     		ldr	r2, [r0]
 576              		.loc 1 259 5 view .LVU131
 577 0004 064B     		ldr	r3, .L42
 578 0006 9A42     		cmp	r2, r3
 579 0008 00D0     		beq	.L41
 580              	.LVL26:
 581              	.L38:
 260:Core/Src/stm32f4xx_hal_msp.c ****   {
 261:Core/Src/stm32f4xx_hal_msp.c ****   /* USER CODE BEGIN USART2_MspDeInit 0 */
 262:Core/Src/stm32f4xx_hal_msp.c **** 
 263:Core/Src/stm32f4xx_hal_msp.c ****   /* USER CODE END USART2_MspDeInit 0 */
 264:Core/Src/stm32f4xx_hal_msp.c ****     /* Peripheral clock disable */
 265:Core/Src/stm32f4xx_hal_msp.c ****     __HAL_RCC_USART2_CLK_DISABLE();
 266:Core/Src/stm32f4xx_hal_msp.c **** 
 267:Core/Src/stm32f4xx_hal_msp.c ****     /**USART2 GPIO Configuration
 268:Core/Src/stm32f4xx_hal_msp.c ****     PA2     ------> USART2_TX
 269:Core/Src/stm32f4xx_hal_msp.c ****     PA3     ------> USART2_RX
 270:Core/Src/stm32f4xx_hal_msp.c ****     */
 271:Core/Src/stm32f4xx_hal_msp.c ****     HAL_GPIO_DeInit(GPIOA, USART_TX_Pin|USART_RX_Pin);
 272:Core/Src/stm32f4xx_hal_msp.c **** 
 273:Core/Src/stm32f4xx_hal_msp.c ****   /* USER CODE BEGIN USART2_MspDeInit 1 */
 274:Core/Src/stm32f4xx_hal_msp.c **** 
 275:Core/Src/stm32f4xx_hal_msp.c ****   /* USER CODE END USART2_MspDeInit 1 */
ARM GAS  C:\Users\gabri\AppData\Local\Temp\ccawchnC.s 			page 17


 276:Core/Src/stm32f4xx_hal_msp.c ****   }
 277:Core/Src/stm32f4xx_hal_msp.c **** 
 278:Core/Src/stm32f4xx_hal_msp.c **** }
 582              		.loc 1 278 1 view .LVU132
 583 000a 08BD     		pop	{r3, pc}
 584              	.LVL27:
 585              	.L41:
 265:Core/Src/stm32f4xx_hal_msp.c **** 
 586              		.loc 1 265 5 is_stmt 1 view .LVU133
 587 000c 054A     		ldr	r2, .L42+4
 588 000e 136C     		ldr	r3, [r2, #64]
 589 0010 23F40033 		bic	r3, r3, #131072
 590 0014 1364     		str	r3, [r2, #64]
 271:Core/Src/stm32f4xx_hal_msp.c **** 
 591              		.loc 1 271 5 view .LVU134
 592 0016 0C21     		movs	r1, #12
 593 0018 0348     		ldr	r0, .L42+8
 594              	.LVL28:
 271:Core/Src/stm32f4xx_hal_msp.c **** 
 595              		.loc 1 271 5 is_stmt 0 view .LVU135
 596 001a FFF7FEFF 		bl	HAL_GPIO_DeInit
 597              	.LVL29:
 598              		.loc 1 278 1 view .LVU136
 599 001e F4E7     		b	.L38
 600              	.L43:
 601              		.align	2
 602              	.L42:
 603 0020 00440040 		.word	1073759232
 604 0024 00380240 		.word	1073887232
 605 0028 00000240 		.word	1073872896
 606              		.cfi_endproc
 607              	.LFE245:
 609              		.text
 610              	.Letext0:
 611              		.file 2 "C:\\ST\\STM32CubeCLT_1.17.0\\GNU-tools-for-STM32\\bin/../lib/gcc/arm-none-eabi/12.3.1/../
 612              		.file 3 "C:\\ST\\STM32CubeCLT_1.17.0\\GNU-tools-for-STM32\\bin/../lib/gcc/arm-none-eabi/12.3.1/../
 613              		.file 4 "Drivers/CMSIS/Device/ST/STM32F4xx/Include/stm32f446xx.h"
 614              		.file 5 "Drivers/CMSIS/Device/ST/STM32F4xx/Include/stm32f4xx.h"
 615              		.file 6 "Drivers/STM32F4xx_HAL_Driver/Inc/stm32f4xx_hal_def.h"
 616              		.file 7 "Drivers/STM32F4xx_HAL_Driver/Inc/stm32f4xx_hal_gpio.h"
 617              		.file 8 "Drivers/STM32F4xx_HAL_Driver/Inc/stm32f4xx_hal_dma.h"
 618              		.file 9 "Drivers/STM32F4xx_HAL_Driver/Inc/stm32f4xx_hal_adc.h"
 619              		.file 10 "Drivers/STM32F4xx_HAL_Driver/Inc/stm32f4xx_hal_i2c.h"
 620              		.file 11 "Drivers/STM32F4xx_HAL_Driver/Inc/stm32f4xx_hal_uart.h"
 621              		.file 12 "Drivers/STM32F4xx_HAL_Driver/Inc/stm32f4xx_hal_cortex.h"
ARM GAS  C:\Users\gabri\AppData\Local\Temp\ccawchnC.s 			page 18


DEFINED SYMBOLS
                            *ABS*:00000000 stm32f4xx_hal_msp.c
C:\Users\gabri\AppData\Local\Temp\ccawchnC.s:21     .text.HAL_MspInit:00000000 $t
C:\Users\gabri\AppData\Local\Temp\ccawchnC.s:27     .text.HAL_MspInit:00000000 HAL_MspInit
C:\Users\gabri\AppData\Local\Temp\ccawchnC.s:87     .text.HAL_MspInit:0000003c $d
C:\Users\gabri\AppData\Local\Temp\ccawchnC.s:92     .text.HAL_ADC_MspInit:00000000 $t
C:\Users\gabri\AppData\Local\Temp\ccawchnC.s:98     .text.HAL_ADC_MspInit:00000000 HAL_ADC_MspInit
C:\Users\gabri\AppData\Local\Temp\ccawchnC.s:196    .text.HAL_ADC_MspInit:00000064 $d
C:\Users\gabri\AppData\Local\Temp\ccawchnC.s:201    .text.HAL_ADC_MspDeInit:00000000 $t
C:\Users\gabri\AppData\Local\Temp\ccawchnC.s:207    .text.HAL_ADC_MspDeInit:00000000 HAL_ADC_MspDeInit
C:\Users\gabri\AppData\Local\Temp\ccawchnC.s:250    .text.HAL_ADC_MspDeInit:00000020 $d
C:\Users\gabri\AppData\Local\Temp\ccawchnC.s:257    .text.HAL_I2C_MspInit:00000000 $t
C:\Users\gabri\AppData\Local\Temp\ccawchnC.s:263    .text.HAL_I2C_MspInit:00000000 HAL_I2C_MspInit
C:\Users\gabri\AppData\Local\Temp\ccawchnC.s:371    .text.HAL_I2C_MspInit:00000064 $d
C:\Users\gabri\AppData\Local\Temp\ccawchnC.s:378    .text.HAL_I2C_MspDeInit:00000000 $t
C:\Users\gabri\AppData\Local\Temp\ccawchnC.s:384    .text.HAL_I2C_MspDeInit:00000000 HAL_I2C_MspDeInit
C:\Users\gabri\AppData\Local\Temp\ccawchnC.s:429    .text.HAL_I2C_MspDeInit:00000030 $d
C:\Users\gabri\AppData\Local\Temp\ccawchnC.s:436    .text.HAL_UART_MspInit:00000000 $t
C:\Users\gabri\AppData\Local\Temp\ccawchnC.s:442    .text.HAL_UART_MspInit:00000000 HAL_UART_MspInit
C:\Users\gabri\AppData\Local\Temp\ccawchnC.s:548    .text.HAL_UART_MspInit:00000068 $d
C:\Users\gabri\AppData\Local\Temp\ccawchnC.s:554    .text.HAL_UART_MspDeInit:00000000 $t
C:\Users\gabri\AppData\Local\Temp\ccawchnC.s:560    .text.HAL_UART_MspDeInit:00000000 HAL_UART_MspDeInit
C:\Users\gabri\AppData\Local\Temp\ccawchnC.s:603    .text.HAL_UART_MspDeInit:00000020 $d

UNDEFINED SYMBOLS
HAL_NVIC_SetPriorityGrouping
HAL_GPIO_Init
HAL_GPIO_DeInit
